# JRE version: 7.0_15-b20
# Java VM: OpenJDK 64-Bit Server VM (23.7-b01 mixed mode linux-amd64 compressed oops)
Heap
 PSYoungGen      total 18048K, used 9410K [0x00000000ebd60000, 0x00000000ed180000, 0x0000000100000000)
  eden space 15488K, 57% used [0x00000000ebd60000,0x00000000ec600880,0x00000000ecc80000)
  from space 2560K, 22% used [0x00000000ecf00000,0x00000000ecf90020,0x00000000ed180000)
  to   space 2560K, 0% used [0x00000000ecc80000,0x00000000ecc80000,0x00000000ecf00000)
 ParOldGen       total 41280K, used 8K [0x00000000c3800000, 0x00000000c6050000, 0x00000000ebd60000)
  object space 41280K, 0% used [0x00000000c3800000,0x00000000c3802000,0x00000000c6050000)
 PSPermGen       total 21248K, used 3769K [0x00000000b9200000, 0x00000000ba6c0000, 0x00000000c3800000)
  object space 21248K, 17% used [0x00000000b9200000,0x00000000b95ae468,0x00000000ba6c0000)
GC Heap History (4 events):
Event: 1.104 GC heap before
{Heap before GC invocations=1 (full 0):
 PSYoungGen      total 18048K, used 15488K [0x00000000ebd60000, 0x00000000ed180000, 0x0000000100000000)
  eden space 15488K, 100% used [0x00000000ebd60000,0x00000000ecc80000,0x00000000ecc80000)
  from space 2560K, 0% used [0x00000000ecf00000,0x00000000ecf00000,0x00000000ed180000)
  to   space 2560K, 0% used [0x00000000ecc80000,0x00000000ecc80000,0x00000000ecf00000)
 ParOldGen       total 41280K, used 0K [0x00000000c3800000, 0x00000000c6050000, 0x00000000ebd60000)
  object space 41280K, 0% used [0x00000000c3800000,0x00000000c3800000,0x00000000c6050000)
 PSPermGen       total 21248K, used 3628K [0x00000000b9200000, 0x00000000ba6c0000, 0x00000000c3800000)
  object space 21248K, 17% used [0x00000000b9200000,0x00000000b958b0f0,0x00000000ba6c0000)
Event: 1.105 GC heap after
Heap after GC invocations=1 (full 0):
 PSYoungGen      total 18048K, used 768K [0x00000000ebd60000, 0x00000000ed180000, 0x0000000100000000)
  eden space 15488K, 0% used [0x00000000ebd60000,0x00000000ebd60000,0x00000000ecc80000)
  from space 2560K, 30% used [0x00000000ecc80000,0x00000000ecd40020,0x00000000ecf00000)
  to   space 2560K, 0% used [0x00000000ecf00000,0x00000000ecf00000,0x00000000ed180000)
 ParOldGen       total 41280K, used 8K [0x00000000c3800000, 0x00000000c6050000, 0x00000000ebd60000)
  object space 41280K, 0% used [0x00000000c3800000,0x00000000c3802000,0x00000000c6050000)
 PSPermGen       total 21248K, used 3628K [0x00000000b9200000, 0x00000000ba6c0000, 0x00000000c3800000)
  object space 21248K, 17% used [0x00000000b9200000,0x00000000b958b0f0,0x00000000ba6c0000)
}
Event: 18.100 GC heap before
{Heap before GC invocations=2 (full 0):
 PSYoungGen      total 18048K, used 16256K [0x00000000ebd60000, 0x00000000ed180000, 0x0000000100000000)
  eden space 15488K, 100% used [0x00000000ebd60000,0x00000000ecc80000,0x00000000ecc80000)
  from space 2560K, 30% used [0x00000000ecc80000,0x00000000ecd40020,0x00000000ecf00000)
  to   space 2560K, 0% used [0x00000000ecf00000,0x00000000ecf00000,0x00000000ed180000)
 ParOldGen       total 41280K, used 8K [0x00000000c3800000, 0x00000000c6050000, 0x00000000ebd60000)
  object space 41280K, 0% used [0x00000000c3800000,0x00000000c3802000,0x00000000c6050000)
 PSPermGen       total 21248K, used 3674K [0x00000000b9200000, 0x00000000ba6c0000, 0x00000000c3800000)
  object space 21248K, 17% used [0x00000000b9200000,0x00000000b9596868,0x00000000ba6c0000)
Event: 18.101 GC heap after
Heap after GC invocations=2 (full 0):
 PSYoungGen      total 18048K, used 576K [0x00000000ebd60000, 0x00000000ed180000, 0x0000000100000000)
  eden space 15488K, 0% used [0x00000000ebd60000,0x00000000ebd60000,0x00000000ecc80000)
  from space 2560K, 22% used [0x00000000ecf00000,0x00000000ecf90020,0x00000000ed180000)
  to   space 2560K, 0% used [0x00000000ecc80000,0x00000000ecc80000,0x00000000ecf00000)
 ParOldGen       total 41280K, used 8K [0x00000000c3800000, 0x00000000c6050000, 0x00000000ebd60000)
  object space 41280K, 0% used [0x00000000c3800000,0x00000000c3802000,0x00000000c6050000)
 PSPermGen       total 21248K, used 3674K [0x00000000b9200000, 0x00000000ba6c0000, 0x00000000c3800000)
  object space 21248K, 17% used [0x00000000b9200000,0x00000000b9596868,0x00000000ba6c0000)
}

